0 info it worked if it ends with ok
1 verbose cli [ 'c:\\Program Files\\nodejs\\node.exe',
1 verbose cli   'c:\\Program Files\\nodejs\\node_modules\\npm\\bin\\npm-cli.js',
1 verbose cli   'publish' ]
2 info using npm@1.3.5
3 info using node@v0.10.15
4 verbose publish [ '.' ]
5 verbose cache add [ '.', null ]
6 verbose cache add name=undefined spec="." args=[".",null]
7 verbose parsed url { protocol: null,
7 verbose parsed url   slashes: null,
7 verbose parsed url   auth: null,
7 verbose parsed url   host: null,
7 verbose parsed url   port: null,
7 verbose parsed url   hostname: null,
7 verbose parsed url   hash: null,
7 verbose parsed url   search: null,
7 verbose parsed url   query: null,
7 verbose parsed url   pathname: '.',
7 verbose parsed url   path: '.',
7 verbose parsed url   href: '.' }
8 silly lockFile 3a52ce78- .
9 verbose lock . C:\Users\Alberto\AppData\Roaming\npm-cache\3a52ce78-.lock
10 verbose tar pack [ 'C:\\Users\\Alberto\\AppData\\Local\\Temp\\npm-10232-q5r79yyp\\1387877298826-0.0014997178222984076\\tmp.tgz',
10 verbose tar pack   '.' ]
11 verbose tarball C:\Users\Alberto\AppData\Local\Temp\npm-10232-q5r79yyp\1387877298826-0.0014997178222984076\tmp.tgz
12 verbose folder .
13 info prepublish rwlock@3.0.1
14 silly lockFile 1f1177db-tar tar://.
15 verbose lock tar://. C:\Users\Alberto\AppData\Roaming\npm-cache\1f1177db-tar.lock
16 silly lockFile c1360af1-26-0-0014997178222984076-tmp-tgz tar://C:\Users\Alberto\AppData\Local\Temp\npm-10232-q5r79yyp\1387877298826-0.0014997178222984076\tmp.tgz
17 verbose lock tar://C:\Users\Alberto\AppData\Local\Temp\npm-10232-q5r79yyp\1387877298826-0.0014997178222984076\tmp.tgz C:\Users\Alberto\AppData\Roaming\npm-cache\c1360af1-26-0-0014997178222984076-tmp-tgz.lock
18 silly lockFile 1f1177db-tar tar://.
19 silly lockFile 1f1177db-tar tar://.
20 silly lockFile c1360af1-26-0-0014997178222984076-tmp-tgz tar://C:\Users\Alberto\AppData\Local\Temp\npm-10232-q5r79yyp\1387877298826-0.0014997178222984076\tmp.tgz
21 silly lockFile c1360af1-26-0-0014997178222984076-tmp-tgz tar://C:\Users\Alberto\AppData\Local\Temp\npm-10232-q5r79yyp\1387877298826-0.0014997178222984076\tmp.tgz
22 verbose tar unpack C:\Users\Alberto\AppData\Local\Temp\npm-10232-q5r79yyp\1387877298826-0.0014997178222984076\tmp.tgz
23 silly lockFile c1fc0608-26-0-0014997178222984076-package tar://C:\Users\Alberto\AppData\Local\Temp\npm-10232-q5r79yyp\1387877298826-0.0014997178222984076\package
24 verbose lock tar://C:\Users\Alberto\AppData\Local\Temp\npm-10232-q5r79yyp\1387877298826-0.0014997178222984076\package C:\Users\Alberto\AppData\Roaming\npm-cache\c1fc0608-26-0-0014997178222984076-package.lock
25 silly lockFile c1360af1-26-0-0014997178222984076-tmp-tgz tar://C:\Users\Alberto\AppData\Local\Temp\npm-10232-q5r79yyp\1387877298826-0.0014997178222984076\tmp.tgz
26 verbose lock tar://C:\Users\Alberto\AppData\Local\Temp\npm-10232-q5r79yyp\1387877298826-0.0014997178222984076\tmp.tgz C:\Users\Alberto\AppData\Roaming\npm-cache\c1360af1-26-0-0014997178222984076-tmp-tgz.lock
27 silly gunzTarPerm modes [ '755', '644' ]
28 silly gunzTarPerm extractEntry package.json
29 silly gunzTarPerm modified mode [ 'package.json', 438, 420 ]
30 silly gunzTarPerm extractEntry README.md
31 silly gunzTarPerm modified mode [ 'README.md', 438, 420 ]
32 silly gunzTarPerm extractEntry LICENSE
33 silly gunzTarPerm modified mode [ 'LICENSE', 438, 420 ]
34 silly gunzTarPerm extractEntry lib/lock.js
35 silly gunzTarPerm modified mode [ 'lib/lock.js', 438, 420 ]
36 silly lockFile c1fc0608-26-0-0014997178222984076-package tar://C:\Users\Alberto\AppData\Local\Temp\npm-10232-q5r79yyp\1387877298826-0.0014997178222984076\package
37 silly lockFile c1fc0608-26-0-0014997178222984076-package tar://C:\Users\Alberto\AppData\Local\Temp\npm-10232-q5r79yyp\1387877298826-0.0014997178222984076\package
38 silly lockFile c1360af1-26-0-0014997178222984076-tmp-tgz tar://C:\Users\Alberto\AppData\Local\Temp\npm-10232-q5r79yyp\1387877298826-0.0014997178222984076\tmp.tgz
39 silly lockFile c1360af1-26-0-0014997178222984076-tmp-tgz tar://C:\Users\Alberto\AppData\Local\Temp\npm-10232-q5r79yyp\1387877298826-0.0014997178222984076\tmp.tgz
40 verbose tar pack [ 'C:\\Users\\Alberto\\AppData\\Roaming\\npm-cache\\rwlock\\3.0.1\\package.tgz',
40 verbose tar pack   'C:\\Users\\Alberto\\AppData\\Local\\Temp\\npm-10232-q5r79yyp\\1387877298826-0.0014997178222984076\\package' ]
41 verbose tarball C:\Users\Alberto\AppData\Roaming\npm-cache\rwlock\3.0.1\package.tgz
42 verbose folder C:\Users\Alberto\AppData\Local\Temp\npm-10232-q5r79yyp\1387877298826-0.0014997178222984076\package
43 silly lockFile c1fc0608-26-0-0014997178222984076-package tar://C:\Users\Alberto\AppData\Local\Temp\npm-10232-q5r79yyp\1387877298826-0.0014997178222984076\package
44 verbose lock tar://C:\Users\Alberto\AppData\Local\Temp\npm-10232-q5r79yyp\1387877298826-0.0014997178222984076\package C:\Users\Alberto\AppData\Roaming\npm-cache\c1fc0608-26-0-0014997178222984076-package.lock
45 silly lockFile b6b320a3-m-cache-rwlock-3-0-1-package-tgz tar://C:\Users\Alberto\AppData\Roaming\npm-cache\rwlock\3.0.1\package.tgz
46 verbose lock tar://C:\Users\Alberto\AppData\Roaming\npm-cache\rwlock\3.0.1\package.tgz C:\Users\Alberto\AppData\Roaming\npm-cache\b6b320a3-m-cache-rwlock-3-0-1-package-tgz.lock
47 silly lockFile c1fc0608-26-0-0014997178222984076-package tar://C:\Users\Alberto\AppData\Local\Temp\npm-10232-q5r79yyp\1387877298826-0.0014997178222984076\package
48 silly lockFile c1fc0608-26-0-0014997178222984076-package tar://C:\Users\Alberto\AppData\Local\Temp\npm-10232-q5r79yyp\1387877298826-0.0014997178222984076\package
49 silly lockFile b6b320a3-m-cache-rwlock-3-0-1-package-tgz tar://C:\Users\Alberto\AppData\Roaming\npm-cache\rwlock\3.0.1\package.tgz
50 silly lockFile b6b320a3-m-cache-rwlock-3-0-1-package-tgz tar://C:\Users\Alberto\AppData\Roaming\npm-cache\rwlock\3.0.1\package.tgz
51 silly lockFile 19be9f0f-g-npm-cache-rwlock-3-0-1-package C:\Users\Alberto\AppData\Roaming\npm-cache\rwlock\3.0.1\package
52 verbose lock C:\Users\Alberto\AppData\Roaming\npm-cache\rwlock\3.0.1\package C:\Users\Alberto\AppData\Roaming\npm-cache\19be9f0f-g-npm-cache-rwlock-3-0-1-package.lock
53 silly lockFile 19be9f0f-g-npm-cache-rwlock-3-0-1-package C:\Users\Alberto\AppData\Roaming\npm-cache\rwlock\3.0.1\package
54 silly lockFile 19be9f0f-g-npm-cache-rwlock-3-0-1-package C:\Users\Alberto\AppData\Roaming\npm-cache\rwlock\3.0.1\package
55 verbose tar unpack C:\Users\Alberto\AppData\Roaming\npm-cache\rwlock\3.0.1\package.tgz
56 silly lockFile bb5e1978-g-npm-cache-rwlock-3-0-1-package tar://C:\Users\Alberto\AppData\Roaming\npm-cache\rwlock\3.0.1\package
57 verbose lock tar://C:\Users\Alberto\AppData\Roaming\npm-cache\rwlock\3.0.1\package C:\Users\Alberto\AppData\Roaming\npm-cache\bb5e1978-g-npm-cache-rwlock-3-0-1-package.lock
58 silly lockFile b6b320a3-m-cache-rwlock-3-0-1-package-tgz tar://C:\Users\Alberto\AppData\Roaming\npm-cache\rwlock\3.0.1\package.tgz
59 verbose lock tar://C:\Users\Alberto\AppData\Roaming\npm-cache\rwlock\3.0.1\package.tgz C:\Users\Alberto\AppData\Roaming\npm-cache\b6b320a3-m-cache-rwlock-3-0-1-package-tgz.lock
60 silly gunzTarPerm modes [ '755', '644' ]
61 silly gunzTarPerm extractEntry package.json
62 silly gunzTarPerm modified mode [ 'package.json', 438, 420 ]
63 silly gunzTarPerm extractEntry README.md
64 silly gunzTarPerm modified mode [ 'README.md', 438, 420 ]
65 silly gunzTarPerm extractEntry LICENSE
66 silly gunzTarPerm modified mode [ 'LICENSE', 438, 420 ]
67 silly gunzTarPerm extractEntry lib/lock.js
68 silly gunzTarPerm modified mode [ 'lib/lock.js', 438, 420 ]
69 silly lockFile bb5e1978-g-npm-cache-rwlock-3-0-1-package tar://C:\Users\Alberto\AppData\Roaming\npm-cache\rwlock\3.0.1\package
70 silly lockFile bb5e1978-g-npm-cache-rwlock-3-0-1-package tar://C:\Users\Alberto\AppData\Roaming\npm-cache\rwlock\3.0.1\package
71 silly lockFile b6b320a3-m-cache-rwlock-3-0-1-package-tgz tar://C:\Users\Alberto\AppData\Roaming\npm-cache\rwlock\3.0.1\package.tgz
72 silly lockFile b6b320a3-m-cache-rwlock-3-0-1-package-tgz tar://C:\Users\Alberto\AppData\Roaming\npm-cache\rwlock\3.0.1\package.tgz
73 verbose chmod C:\Users\Alberto\AppData\Roaming\npm-cache\rwlock\3.0.1\package.tgz 644
74 silly chown skipping for windows C:\Users\Alberto\AppData\Roaming\npm-cache\rwlock\3.0.1\package.tgz
75 silly lockFile 3a52ce78- .
76 silly lockFile 3a52ce78- .
77 silly publish { name: 'rwlock',
77 silly publish   version: '3.0.1',
77 silly publish   description: 'A read/write lock implementation for Node.',
77 silly publish   homepage: 'http://71104.github.io/rwlock',
77 silly publish   bugs: { url: 'https://github.com/71104/rwlock/issues' },
77 silly publish   license: 'MIT',
77 silly publish   author: { name: 'Alberto La Rocca', email: 'a71104@gmail.com' },
77 silly publish   files: [ 'lib', 'LICENSE', 'README.md' ],
77 silly publish   main: 'lib/lock.js',
77 silly publish   repository: { type: 'git', url: 'https://github.com/71104/rwlock.git' },
77 silly publish   devDependencies:
77 silly publish    { grunt: '~0.4.2',
77 silly publish      'grunt-contrib-clean': '~0.5.0',
77 silly publish      'grunt-contrib-jshint': '~0.7.2',
77 silly publish      'grunt-contrib-uglify': '~0.2.7',
77 silly publish      'grunt-contrib-yuidoc': '~0.5.0',
77 silly publish      'grunt-contrib-nodeunit': '~0.2.2' },
77 silly publish   readme: 'rwlock\r\n======\r\n\r\nAsynchronous read/write lock implementation for Node.js.\r\n\r\nMain rules:\r\n- there may be zero or more readers at a time,\r\n- there may only be one writer at a time,\r\n- there may be no writer if there are one or more readers already.\r\n\r\nInstallation\r\n------------\r\n\r\nIt\'s on [npmjs](https://npmjs.org/package/rwlock):\r\n\r\n```bash\r\n$ npm install rwlock\r\n```\r\n\r\nBasic usage\r\n-----------\r\n\r\nRequiring the package, creating an instance:\r\n\r\n```javascript\r\nvar ReadWriteLock = require(\'rwlock\');\r\n\r\nvar lock = new ReadWriteLock();\r\n```\r\n\r\nAcquiring a read lock:\r\n\r\n```javascript\r\nlock.readLock(function (release) {\r\n\t// do stuff\r\n\r\n\trelease();\r\n});\r\n```\r\n\r\nAcquiring a write lock:\r\n\r\n```javascript\r\nlock.writeLock(function (release) {\r\n\t// do stuff\r\n\r\n\trelease();\r\n});\r\n```\r\n\r\nLocks can be released later:\r\n\r\n```javascript\r\nlock.readLock(function (release) {\r\n\t// not ready to release yet\r\n\r\n\tsetTimeout(function () {\r\n\t\t// ok, now I\'m ready\r\n\t\trelease();\r\n\t}, 1000);\r\n});\r\n```\r\n\r\nUpgrading to a write lock\r\n-------------------------\r\n\r\nReadWriteLock does not explicitly support upgrading but you can take advantage of the asynchronous-ness:\r\n\r\n```javascript\r\nlock.readLock(function (release) {\r\n\t// read stuff here\r\n\r\n\t// ok, I now realize I need to write\r\n\r\n\t// this will be queued\r\n\tlock.writeLock(function (release) {\r\n\t\t// you can write here\r\n\r\n\t\trelease();\r\n\r\n\t\t// everything is now released.\r\n\t});\r\n\r\n\t// release the read lock, this will activate the writer\r\n\trelease();\r\n});\r\n```\r\n\r\nDowngrading to a read lock\r\n--------------------------\r\n\r\nSimilar to upgrading:\r\n\r\n```javascript\r\nlock.writeLock(function (release) {\r\n\tlock.readLock(function (release) {\r\n\t\t// ...\r\n\t\trelease();\r\n\t});\r\n\trelease();\r\n});\r\n```\r\n\r\nSections\r\n--------\r\n\r\n"Sections" are functions executed within a read or write lock and need not be\r\nreleased.\r\n\r\nExample:\r\n\r\n```javascript\r\nlock.readSection(function () {\r\n\tconsole.log(\'No one is writing now\');\r\n});\r\n\r\nlock.writeSection(function () {\r\n\tconsole.log(\'No one is reading now\');\r\n});\r\n```\r\n\r\nKeys\r\n----\r\n\r\nEvery ReadWriteLock instance allows you to work on a virtually unlimited number of completely independent read/write locks.\r\n\r\nLocks are identified by names called "keys". Every exposed method has an optional "key" first argument indicating the lock to work on; if you don\'t specify a key, the default lock is used.\r\n\r\nExample:\r\n\r\n```javascript\r\nlock.writeLock(\'lock1\', function (release) {\r\n\tconsole.log(\'writing 1...\');\r\n\tlock.writeLock(\'lock2\', function (release) {\r\n\t\tconsole.log(\'writing 2...\');\r\n\t\trelease();\r\n\t\tconsole.log(\'done 2.\');\r\n\t});\r\n\trelease();\r\n\tconsole.log(\'done 1.\');\r\n});\r\n```\r\n\r\nThe previous example logs:\r\n\r\n```\r\nwriting 1...\r\nwriting 2...\r\ndone 2.\r\ndone 1.\r\n```\r\n\r\n[async](https://npmjs.org/package/async) compatibility\r\n------------------------------------------------------\r\n\r\nThe ReadWriteLock class does not return errors to your callbacks, but many APIs in Node do. The `async` module uses that as a convention: callbacks usually receive two arguments, a possibly `null` error object and the actual result in case there is no error.\r\n\r\nTo aid `async` compatibility, ReadWriteLock sends `null` errors if you specify the `async` flag like in the following example:\r\n\r\n```javascript\r\nlock.async.readLock(function (error, release) {\r\n\t// no need to check on error, it will always be null\r\n\r\n\t// do stuff here\r\n\r\n\trelease();\r\n});\r\n```\r\n\r\nYou can use `rwlock` and `async` together like in this example:\r\n\r\n```javascript\r\nvar releaseLock;\r\n\r\nasync.waterfall([function (next) {\r\n\tlock.async.writeLock(next);\r\n}, function (release, next) {\r\n\treleaseLock = release;\r\n\tfs.writeFile(\'file\', \'content\', next);\r\n}, function (next) {\r\n\treleaseLock();\r\n}], function (error) {\r\n\tif (error) {\r\n\t\tconsole.dir(error);\r\n\t} else {\r\n\t\tconsole.log(\'done.\');\r\n\t}\r\n});\r\n```\r\n\r\nLicense\r\n-------\r\n\r\nMIT. Copyright 2013 Alberto La Rocca\r\n',
77 silly publish   readmeFilename: 'README.md',
77 silly publish   _id: 'rwlock@3.0.1',
77 silly publish   dist: { shasum: 'a7abb09426782e8def0e40a2ef7a99950bae32a7' },
77 silly publish   _from: '.' }
78 verbose url raw rwlock
79 verbose url resolving [ 'https://registry.npmjs.org/', './rwlock' ]
80 verbose url resolved https://registry.npmjs.org/rwlock
81 info trying registry request attempt 1 at 10:28:18
82 http PUT https://registry.npmjs.org/rwlock
83 http 409 https://registry.npmjs.org/rwlock
84 verbose url raw rwlock
85 verbose url resolving [ 'https://registry.npmjs.org/', './rwlock' ]
86 verbose url resolved https://registry.npmjs.org/rwlock
87 info trying registry request attempt 1 at 10:28:19
88 http GET https://registry.npmjs.org/rwlock
89 http 200 https://registry.npmjs.org/rwlock
90 verbose uploading [ 'rwlock/-/rwlock-3.0.1.tgz/-rev/19-bc6ff09b6156732170770f5180444f6b',
90 verbose uploading   'C:\\Users\\Alberto\\AppData\\Roaming\\npm-cache\\rwlock\\3.0.1\\package.tgz' ]
91 verbose url raw rwlock/-/rwlock-3.0.1.tgz/-rev/19-bc6ff09b6156732170770f5180444f6b
92 verbose url resolving [ 'https://registry.npmjs.org/',
92 verbose url resolving   './rwlock/-/rwlock-3.0.1.tgz/-rev/19-bc6ff09b6156732170770f5180444f6b' ]
93 verbose url resolved https://registry.npmjs.org/rwlock/-/rwlock-3.0.1.tgz/-rev/19-bc6ff09b6156732170770f5180444f6b
94 info trying registry request attempt 1 at 10:28:19
95 http PUT https://registry.npmjs.org/rwlock/-/rwlock-3.0.1.tgz/-rev/19-bc6ff09b6156732170770f5180444f6b
96 http 409 https://registry.npmjs.org/rwlock/-/rwlock-3.0.1.tgz/-rev/19-bc6ff09b6156732170770f5180444f6b
97 error publish fail Cannot publish over existing version.
97 error publish fail Update the 'version' field in package.json and try again.
97 error publish fail
97 error publish fail If the previous version was published in error, see:
97 error publish fail     npm help unpublish
97 error publish fail
97 error publish fail To automatically increment version numbers, see:
97 error publish fail     npm help version
98 error System Windows_NT 6.1.7601
99 error command "c:\\Program Files\\nodejs\\node.exe" "c:\\Program Files\\nodejs\\node_modules\\npm\\bin\\npm-cli.js" "publish"
100 error cwd c:\Users\Alberto\Documents\rwlock
101 error node -v v0.10.15
102 error npm -v 1.3.5
103 error code EPUBLISHCONFLICT
104 verbose exit [ 1, true ]
